::1 - - [13/Dec/2015:13:09:34 +0100] "GET / HTTP/1.1" 302 -
127.0.0.1 - - [13/Dec/2015:13:09:34 +0100] "GET /docs HTTP/1.1" 301 235
127.0.0.1 - - [13/Dec/2015:13:09:34 +0100] "GET /docs/ HTTP/1.1" 200 9668
127.0.0.1 - - [13/Dec/2015:13:09:34 +0100] "GET /docs/screen.css HTTP/1.1" 200 9366
127.0.0.1 - - [13/Dec/2015:13:09:34 +0100] "GET /docs/find-on-fb.png HTTP/1.1" 200 9575
127.0.0.1 - - [13/Dec/2015:13:09:34 +0100] "GET /docs/1x1.gif HTTP/1.1" 200 49
127.0.0.1 - - [13/Dec/2015:13:09:34 +0100] "GET /docs/button-frontend.png HTTP/1.1" 200 15205
127.0.0.1 - - [13/Dec/2015:13:09:34 +0100] "GET /docs/EN.png HTTP/1.1" 200 2803
127.0.0.1 - - [13/Dec/2015:13:09:34 +0100] "GET /docs/button-dumper.png HTTP/1.1" 200 4125
127.0.0.1 - - [13/Dec/2015:13:09:34 +0100] "GET /docs/DE.png HTTP/1.1" 200 2442
127.0.0.1 - - [13/Dec/2015:13:09:34 +0100] "GET /docs/button-pma.png HTTP/1.1" 200 4725
127.0.0.1 - - [13/Dec/2015:13:09:34 +0100] "GET /docs/bttop.gif HTTP/1.1" 200 1617
127.0.0.1 - - [13/Dec/2015:13:09:34 +0100] "GET /docs/NL.png HTTP/1.1" 200 2445
127.0.0.1 - - [13/Dec/2015:13:09:34 +0100] "GET /docs/button-backend.png HTTP/1.1" 200 15289
127.0.0.1 - - [13/Dec/2015:13:09:34 +0100] "GET /docs/bg_full.jpg HTTP/1.1" 200 573
127.0.0.1 - - [13/Dec/2015:13:09:34 +0100] "GET /docs/header.jpg HTTP/1.1" 200 32078
127.0.0.1 - - [13/Dec/2015:13:09:34 +0100] "GET /docs/about_pic.png HTTP/1.1" 200 9090
127.0.0.1 - - [13/Dec/2015:13:09:34 +0100] "GET /docs/bar.jpg HTTP/1.1" 200 2671
127.0.0.1 - - [13/Dec/2015:13:09:34 +0100] "GET /docs/bg_content.jpg HTTP/1.1" 200 735
127.0.0.1 - - [13/Dec/2015:13:09:34 +0100] "GET /docs/fieldset.gif HTTP/1.1" 200 579
127.0.0.1 - - [13/Dec/2015:13:09:34 +0100] "GET /docs/content_end.jpg HTTP/1.1" 200 3755
127.0.0.1 - - [13/Dec/2015:13:09:34 +0100] "GET /docs/footer_bg.jpg HTTP/1.1" 200 444
127.0.0.1 - - [13/Dec/2015:13:09:34 +0100] "GET /docs/global.gif HTTP/1.1" 200 2342
::1 - - [13/Dec/2015:13:09:36 +0100] "GET /wbdemo/admin/login/index.php HTTP/1.1" 200 4227
::1 - - [13/Dec/2015:13:09:36 +0100] "GET /wbdemo/templates/wb_theme/theme.css HTTP/1.1" 200 10220
::1 - - [13/Dec/2015:13:09:36 +0100] "GET /wbdemo/templates/wb_theme/images/logo.png HTTP/1.1" 200 27369
::1 - - [13/Dec/2015:13:09:36 +0100] "GET /wbdemo/templates/wb_theme/images/bgtitle.png HTTP/1.1" 200 256
::1 - - [13/Dec/2015:13:09:39 +0100] "POST /wbdemo/admin/login/index.php HTTP/1.1" 302 -
::1 - - [13/Dec/2015:13:09:39 +0100] "GET /wbdemo/admin/start/index.php HTTP/1.1" 302 3749
::1 - - [13/Dec/2015:13:09:39 +0100] "GET /wbdemo/upgrade-script.php HTTP/1.1" 200 3356
::1 - - [13/Dec/2015:13:09:39 +0100] "GET /wbdemo/templates/wb_theme/images/logo.png HTTP/1.1" 200 27369
::1 - - [13/Dec/2015:13:09:39 +0100] "GET /wbdemo/templates/wb_theme/images/background.png HTTP/1.1" 200 846
::1 - - [13/Dec/2015:13:09:43 +0100] "POST /wbdemo/upgrade-script.php HTTP/1.1" 200 4248
::1 - - [13/Dec/2015:13:09:43 +0100] "GET /wbdemo/templates/wb_theme/images/logo.png HTTP/1.1" 200 27369
::1 - - [13/Dec/2015:13:09:43 +0100] "GET /wbdemo/templates/wb_theme/images/background.png HTTP/1.1" 200 846
::1 - - [13/Dec/2015:13:09:48 +0100] "GET /wbdemo/admin/ HTTP/1.1" 302 -
::1 - - [13/Dec/2015:13:09:48 +0100] "GET /wbdemo/admin/start/index.php HTTP/1.1" 200 9873
::1 - - [13/Dec/2015:13:09:48 +0100] "GET /wbdemo/templates/wb_theme/theme.css HTTP/1.1" 200 10220
::1 - - [13/Dec/2015:13:09:48 +0100] "GET /wbdemo/include/jquery/domReady.js HTTP/1.1" 200 4872
::1 - - [13/Dec/2015:13:09:48 +0100] "GET /wbdemo/include/jquery/LoadOnFly.js HTTP/1.1" 200 8416
::1 - - [13/Dec/2015:13:09:48 +0100] "GET /wbdemo/include/jquery/jquery-min.js HTTP/1.1" 200 93870
::1 - - [13/Dec/2015:13:09:48 +0100] "GET /wbdemo/include/jquery/jquery-insert.js HTTP/1.1" 200 1679
::1 - - [13/Dec/2015:13:09:48 +0100] "GET /wbdemo/include/jquery/jquery-include.js HTTP/1.1" 200 4454
::1 - - [13/Dec/2015:13:09:48 +0100] "GET /wbdemo/templates/wb_theme/images/home.png HTTP/1.1" 200 1183
::1 - - [13/Dec/2015:13:09:48 +0100] "GET /wbdemo/templates/wb_theme/images/help.png HTTP/1.1" 200 1288
::1 - - [13/Dec/2015:13:09:48 +0100] "GET /wbdemo/templates/wb_theme/images/view.png HTTP/1.1" 200 1090
::1 - - [13/Dec/2015:13:09:48 +0100] "GET /wbdemo/templates/wb_theme/images/dl.png HTTP/1.1" 200 815
::1 - - [13/Dec/2015:13:09:48 +0100] "GET /wbdemo/templates/wb_theme/icons/pages.png HTTP/1.1" 200 3767
::1 - - [13/Dec/2015:13:09:48 +0100] "GET /wbdemo/templates/wb_theme/icons/addons.png HTTP/1.1" 200 2419
::1 - - [13/Dec/2015:13:09:48 +0100] "GET /wbdemo/templates/wb_theme/icons/settings.png HTTP/1.1" 200 2156
::1 - - [13/Dec/2015:13:09:48 +0100] "GET /wbdemo/templates/wb_theme/icons/access.png HTTP/1.1" 200 3550
::1 - - [13/Dec/2015:13:09:48 +0100] "GET /wbdemo/templates/wb_theme/icons/media.png HTTP/1.1" 200 3866
::1 - - [13/Dec/2015:13:09:48 +0100] "GET /wbdemo/templates/wb_theme/icons/preferences.png HTTP/1.1" 200 2284
::1 - - [13/Dec/2015:13:09:48 +0100] "GET /wbdemo/templates/wb_theme/jquery/jquery-plugins.js HTTP/1.1" 200 1953
::1 - - [13/Dec/2015:13:09:48 +0100] "GET /wbdemo/templates/wb_theme/icons/admintools.png HTTP/1.1" 200 3932
::1 - - [13/Dec/2015:13:09:48 +0100] "GET /wbdemo/templates/wb_theme/images/logo.png HTTP/1.1" 200 27369
::1 - - [13/Dec/2015:13:09:48 +0100] "GET /wbdemo/templates/wb_theme/images/bgtitle.png HTTP/1.1" 200 256
::1 - - [13/Dec/2015:13:09:48 +0100] "GET /wbdemo/templates/wb_theme/images/menu.png HTTP/1.1" 200 268
::1 - - [13/Dec/2015:13:09:48 +0100] "GET /wbdemo/include/jscalendar/calendar-system.css HTTP/1.1" 200 5760
::1 - - [13/Dec/2015:13:09:48 +0100] "GET /wbdemo/modules/jsadmin/backend.css HTTP/1.1" 200 572
::1 - - [13/Dec/2015:13:09:51 +0100] "GET /wbdemo/templates/wb_theme/images/menuo.png HTTP/1.1" 200 281
::1 - - [13/Dec/2015:13:09:52 +0100] "GET /wbdemo/admin/pages/index.php HTTP/1.1" 200 34808
::1 - - [13/Dec/2015:13:09:52 +0100] "GET /wbdemo/templates/wb_theme/theme.css HTTP/1.1" 200 10220
::1 - - [13/Dec/2015:13:09:52 +0100] "GET /wbdemo/include/jquery/domReady.js HTTP/1.1" 200 4872
::1 - - [13/Dec/2015:13:09:52 +0100] "GET /wbdemo/include/jquery/LoadOnFly.js HTTP/1.1" 200 8416
::1 - - [13/Dec/2015:13:09:52 +0100] "GET /wbdemo/include/jquery/jquery-min.js HTTP/1.1" 200 93870
::1 - - [13/Dec/2015:13:09:52 +0100] "GET /wbdemo/include/jquery/jquery-insert.js HTTP/1.1" 200 1679
::1 - - [13/Dec/2015:13:09:52 +0100] "GET /wbdemo/include/jquery/jquery-include.js HTTP/1.1" 200 4454
::1 - - [13/Dec/2015:13:09:52 +0100] "GET /wbdemo/admin/pages/eggsurplus.js HTTP/1.1" 200 479
::1 - - [13/Dec/2015:13:09:52 +0100] "GET /wbdemo/templates/wb_theme/images/blank.gif HTTP/1.1" 200 55
::1 - - [13/Dec/2015:13:09:52 +0100] "GET /wbdemo/templates/wb_theme/images/visible_16.png HTTP/1.1" 200 738
::1 - - [13/Dec/2015:13:09:52 +0100] "GET /wbdemo/templates/wb_theme/images/view_16.png HTTP/1.1" 200 483
::1 - - [13/Dec/2015:13:09:52 +0100] "GET /wbdemo/templates/wb_theme/images/noclock_16.png HTTP/1.1" 200 496
::1 - - [13/Dec/2015:13:09:52 +0100] "GET /wbdemo/templates/wb_theme/images/modify_16.png HTTP/1.1" 200 367
::1 - - [13/Dec/2015:13:09:52 +0100] "GET /wbdemo/templates/wb_theme/images/down_16.png HTTP/1.1" 200 365
::1 - - [13/Dec/2015:13:09:52 +0100] "GET /wbdemo/templates/wb_theme/images/siteadd.png HTTP/1.1" 200 600
::1 - - [13/Dec/2015:13:09:52 +0100] "GET /wbdemo/templates/wb_theme/images/up_16.png HTTP/1.1" 200 354
::1 - - [13/Dec/2015:13:09:52 +0100] "GET /wbdemo/templates/wb_theme/images/delete_16.png HTTP/1.1" 200 638
::1 - - [13/Dec/2015:13:09:52 +0100] "GET /wbdemo/admin/pages/page_index.js HTTP/1.1" 200 1407
::1 - - [13/Dec/2015:13:09:52 +0100] "GET /wbdemo/include/yui/yahoo/yahoo-min.js HTTP/1.1" 200 6153
::1 - - [13/Dec/2015:13:09:52 +0100] "GET /wbdemo/include/yui/dom/dom-min.js HTTP/1.1" 200 16560
::1 - - [13/Dec/2015:13:09:52 +0100] "GET /wbdemo/include/yui/event/event-min.js HTTP/1.1" 200 14509
::1 - - [13/Dec/2015:13:09:52 +0100] "GET /wbdemo/include/yui/connection/connection-min.js HTTP/1.1" 200 13053
::1 - - [13/Dec/2015:13:09:52 +0100] "GET /wbdemo/include/yui/dragdrop/dragdrop-min.js HTTP/1.1" 200 23601
::1 - - [13/Dec/2015:13:09:52 +0100] "GET /wbdemo/modules/jsadmin/js/jsadmin.js HTTP/1.1" 200 4321
::1 - - [13/Dec/2015:13:09:52 +0100] "GET /wbdemo/modules/jsadmin/js/dragdrop.js HTTP/1.1" 200 14100
::1 - - [13/Dec/2015:13:09:52 +0100] "GET /wbdemo/templates/wb_theme/jquery/jquery-plugins.js HTTP/1.1" 200 1953
::1 - - [13/Dec/2015:13:09:52 +0100] "GET /wbdemo/templates/wb_theme/images/logo.png HTTP/1.1" 200 27369
::1 - - [13/Dec/2015:13:09:52 +0100] "GET /wbdemo/templates/wb_theme/images/view.png HTTP/1.1" 200 1090
::1 - - [13/Dec/2015:13:09:52 +0100] "GET /wbdemo/templates/wb_theme/images/home.png HTTP/1.1" 200 1183
::1 - - [13/Dec/2015:13:09:52 +0100] "GET /wbdemo/templates/wb_theme/images/help.png HTTP/1.1" 200 1288
::1 - - [13/Dec/2015:13:09:52 +0100] "GET /wbdemo/templates/wb_theme/images/dl.png HTTP/1.1" 200 815
::1 - - [13/Dec/2015:13:09:52 +0100] "GET /wbdemo/templates/wb_theme/images/plus_16.png HTTP/1.1" 200 371
::1 - - [13/Dec/2015:13:09:52 +0100] "GET /wbdemo/templates/wb_theme/images/minus_16.png HTTP/1.1" 200 257
::1 - - [13/Dec/2015:13:09:52 +0100] "GET /wbdemo/templates/wb_theme/images/bgtitle.png HTTP/1.1" 200 256
::1 - - [13/Dec/2015:13:09:52 +0100] "GET /wbdemo/templates/wb_theme/images/menu.png HTTP/1.1" 200 268
::1 - - [13/Dec/2015:13:09:52 +0100] "GET /wbdemo/templates/wb_theme/images/menuo.png HTTP/1.1" 200 281
::1 - - [13/Dec/2015:13:09:52 +0100] "GET /wbdemo/include/jscalendar/calendar-system.css HTTP/1.1" 200 5760
::1 - - [13/Dec/2015:13:09:52 +0100] "GET /wbdemo/modules/jsadmin/backend.css HTTP/1.1" 200 572
::1 - - [13/Dec/2015:13:09:54 +0100] "GET /wbdemo/admin/pages/modify.php?page_id=3 HTTP/1.1" 200 21151
::1 - - [13/Dec/2015:13:09:54 +0100] "GET /wbdemo/templates/wb_theme/theme.css HTTP/1.1" 200 10220
::1 - - [13/Dec/2015:13:09:54 +0100] "GET /wbdemo/modules/form/backend.css HTTP/1.1" 200 92
::1 - - [13/Dec/2015:13:09:54 +0100] "GET /wbdemo/include/jquery/LoadOnFly.js HTTP/1.1" 200 8416
::1 - - [13/Dec/2015:13:09:54 +0100] "GET /wbdemo/include/jquery/domReady.js HTTP/1.1" 200 4872
::1 - - [13/Dec/2015:13:09:54 +0100] "GET /wbdemo/include/jquery/jquery-min.js HTTP/1.1" 200 93870
::1 - - [13/Dec/2015:13:09:54 +0100] "GET /wbdemo/include/jquery/jquery-insert.js HTTP/1.1" 200 1679
::1 - - [13/Dec/2015:13:09:54 +0100] "GET /wbdemo/include/jquery/jquery-include.js HTTP/1.1" 200 4454
::1 - - [13/Dec/2015:13:09:54 +0100] "GET /wbdemo/modules/form/backend_body.js HTTP/1.1" 200 42
::1 - - [13/Dec/2015:13:09:54 +0100] "GET /wbdemo/templates/wb_theme/jquery/jquery-plugins.js HTTP/1.1" 200 1953
::1 - - [13/Dec/2015:13:09:54 +0100] "GET /wbdemo/modules/form/templates/default/css/backend.css HTTP/1.1" 200 4194
::1 - - [13/Dec/2015:13:09:54 +0100] "GET /wbdemo/templates/wb_theme/images/logo.png HTTP/1.1" 200 27369
::1 - - [13/Dec/2015:13:09:54 +0100] "GET /wbdemo/templates/wb_theme/images/home.png HTTP/1.1" 200 1183
::1 - - [13/Dec/2015:13:09:54 +0100] "GET /wbdemo/templates/wb_theme/images/help.png HTTP/1.1" 200 1288
::1 - - [13/Dec/2015:13:09:54 +0100] "GET /wbdemo/templates/wb_theme/images/view.png HTTP/1.1" 200 1090
::1 - - [13/Dec/2015:13:09:54 +0100] "GET /wbdemo/templates/wb_theme/images/dl.png HTTP/1.1" 200 815
::1 - - [13/Dec/2015:13:09:54 +0100] "GET /wbdemo/templates/wb_theme/images/modify_16.png HTTP/1.1" 200 367
::1 - - [13/Dec/2015:13:09:54 +0100] "GET /wbdemo/templates/wb_theme/images/down_16.png HTTP/1.1" 200 365
::1 - - [13/Dec/2015:13:09:54 +0100] "GET /wbdemo/templates/wb_theme/images/delete_16.png HTTP/1.1" 200 638
::1 - - [13/Dec/2015:13:09:54 +0100] "GET /wbdemo/templates/wb_theme/images/up_16.png HTTP/1.1" 200 354
::1 - - [13/Dec/2015:13:09:54 +0100] "GET /wbdemo/templates/wb_theme/images/bgtitle.png HTTP/1.1" 200 256
::1 - - [13/Dec/2015:13:09:54 +0100] "GET /wbdemo/templates/wb_theme/images/menu.png HTTP/1.1" 200 268
::1 - - [13/Dec/2015:13:09:54 +0100] "GET /wbdemo/templates/wb_theme/images/menuo.png HTTP/1.1" 200 281
::1 - - [13/Dec/2015:13:09:54 +0100] "GET /wbdemo/include/jscalendar/calendar-system.css HTTP/1.1" 200 5760
::1 - - [13/Dec/2015:13:09:54 +0100] "GET /wbdemo/modules/jsadmin/backend.css HTTP/1.1" 200 572
::1 - - [13/Dec/2015:13:10:15 +0100] "GET /wbdemo/admin/pages/index.php HTTP/1.1" 200 34808
::1 - - [13/Dec/2015:13:10:16 +0100] "GET /wbdemo/templates/wb_theme/theme.css HTTP/1.1" 200 10220
::1 - - [13/Dec/2015:13:10:16 +0100] "GET /wbdemo/include/jquery/domReady.js HTTP/1.1" 200 4872
::1 - - [13/Dec/2015:13:10:16 +0100] "GET /wbdemo/include/jquery/LoadOnFly.js HTTP/1.1" 200 8416
::1 - - [13/Dec/2015:13:10:16 +0100] "GET /wbdemo/include/jquery/jquery-min.js HTTP/1.1" 200 93870
::1 - - [13/Dec/2015:13:10:16 +0100] "GET /wbdemo/include/jquery/jquery-insert.js HTTP/1.1" 200 1679
::1 - - [13/Dec/2015:13:10:16 +0100] "GET /wbdemo/include/jquery/jquery-include.js HTTP/1.1" 200 4454
::1 - - [13/Dec/2015:13:10:16 +0100] "GET /wbdemo/admin/pages/page_index.js HTTP/1.1" 200 1407
::1 - - [13/Dec/2015:13:10:16 +0100] "GET /wbdemo/admin/pages/eggsurplus.js HTTP/1.1" 200 479
::1 - - [13/Dec/2015:13:10:16 +0100] "GET /wbdemo/include/yui/yahoo/yahoo-min.js HTTP/1.1" 200 6153
::1 - - [13/Dec/2015:13:10:16 +0100] "GET /wbdemo/include/yui/event/event-min.js HTTP/1.1" 200 14509
::1 - - [13/Dec/2015:13:10:16 +0100] "GET /wbdemo/include/yui/dom/dom-min.js HTTP/1.1" 200 16560
::1 - - [13/Dec/2015:13:10:16 +0100] "GET /wbdemo/include/yui/connection/connection-min.js HTTP/1.1" 200 13053
::1 - - [13/Dec/2015:13:10:16 +0100] "GET /wbdemo/include/yui/dragdrop/dragdrop-min.js HTTP/1.1" 200 23601
::1 - - [13/Dec/2015:13:10:16 +0100] "GET /wbdemo/modules/jsadmin/js/jsadmin.js HTTP/1.1" 200 4321
::1 - - [13/Dec/2015:13:10:16 +0100] "GET /wbdemo/modules/jsadmin/js/dragdrop.js HTTP/1.1" 200 14100
::1 - - [13/Dec/2015:13:10:16 +0100] "GET /wbdemo/templates/wb_theme/jquery/jquery-plugins.js HTTP/1.1" 200 1953
::1 - - [13/Dec/2015:13:10:16 +0100] "GET /wbdemo/templates/wb_theme/images/home.png HTTP/1.1" 200 1183
::1 - - [13/Dec/2015:13:10:16 +0100] "GET /wbdemo/templates/wb_theme/images/logo.png HTTP/1.1" 200 27369
::1 - - [13/Dec/2015:13:10:16 +0100] "GET /wbdemo/templates/wb_theme/images/view.png HTTP/1.1" 200 1090
::1 - - [13/Dec/2015:13:10:16 +0100] "GET /wbdemo/templates/wb_theme/images/help.png HTTP/1.1" 200 1288
::1 - - [13/Dec/2015:13:10:16 +0100] "GET /wbdemo/templates/wb_theme/images/blank.gif HTTP/1.1" 200 55
::1 - - [13/Dec/2015:13:10:16 +0100] "GET /wbdemo/templates/wb_theme/images/dl.png HTTP/1.1" 200 815
::1 - - [13/Dec/2015:13:10:16 +0100] "GET /wbdemo/templates/wb_theme/images/visible_16.png HTTP/1.1" 200 738
::1 - - [13/Dec/2015:13:10:16 +0100] "GET /wbdemo/templates/wb_theme/images/view_16.png HTTP/1.1" 200 483
::1 - - [13/Dec/2015:13:10:16 +0100] "GET /wbdemo/templates/wb_theme/images/modify_16.png HTTP/1.1" 200 367
::1 - - [13/Dec/2015:13:10:16 +0100] "GET /wbdemo/templates/wb_theme/images/down_16.png HTTP/1.1" 200 365
::1 - - [13/Dec/2015:13:10:16 +0100] "GET /wbdemo/templates/wb_theme/images/noclock_16.png HTTP/1.1" 200 496
::1 - - [13/Dec/2015:13:10:16 +0100] "GET /wbdemo/templates/wb_theme/images/delete_16.png HTTP/1.1" 200 638
::1 - - [13/Dec/2015:13:10:16 +0100] "GET /wbdemo/templates/wb_theme/images/siteadd.png HTTP/1.1" 200 600
::1 - - [13/Dec/2015:13:10:16 +0100] "GET /wbdemo/templates/wb_theme/images/up_16.png HTTP/1.1" 200 354
::1 - - [13/Dec/2015:13:10:16 +0100] "GET /wbdemo/templates/wb_theme/images/plus_16.png HTTP/1.1" 200 371
::1 - - [13/Dec/2015:13:10:16 +0100] "GET /wbdemo/templates/wb_theme/images/minus_16.png HTTP/1.1" 200 257
::1 - - [13/Dec/2015:13:10:16 +0100] "GET /wbdemo/templates/wb_theme/images/bgtitle.png HTTP/1.1" 200 256
::1 - - [13/Dec/2015:13:10:16 +0100] "GET /wbdemo/templates/wb_theme/images/menu.png HTTP/1.1" 200 268
::1 - - [13/Dec/2015:13:10:16 +0100] "GET /wbdemo/templates/wb_theme/images/menuo.png HTTP/1.1" 200 281
::1 - - [13/Dec/2015:13:10:16 +0100] "GET /wbdemo/include/jscalendar/calendar-system.css HTTP/1.1" 200 5760
::1 - - [13/Dec/2015:13:10:16 +0100] "GET /wbdemo/modules/jsadmin/backend.css HTTP/1.1" 200 572
::1 - - [13/Dec/2015:13:10:22 +0100] "GET /wbdemo/admin/pages/modify.php?page_id=2 HTTP/1.1" 200 25626
::1 - - [13/Dec/2015:13:10:22 +0100] "GET /wbdemo/templates/wb_theme/theme.css HTTP/1.1" 200 10220
::1 - - [13/Dec/2015:13:10:22 +0100] "GET /wbdemo/modules/news/backend.css HTTP/1.1" 200 95
::1 - - [13/Dec/2015:13:10:22 +0100] "GET /wbdemo/include/jquery/domReady.js HTTP/1.1" 200 4872
::1 - - [13/Dec/2015:13:10:22 +0100] "GET /wbdemo/include/jquery/LoadOnFly.js HTTP/1.1" 200 8416
::1 - - [13/Dec/2015:13:10:22 +0100] "GET /wbdemo/include/jquery/jquery-include.js HTTP/1.1" 200 4454
::1 - - [13/Dec/2015:13:10:22 +0100] "GET /wbdemo/include/jquery/jquery-min.js HTTP/1.1" 200 93870
::1 - - [13/Dec/2015:13:10:22 +0100] "GET /wbdemo/include/jquery/jquery-insert.js HTTP/1.1" 200 1679
::1 - - [13/Dec/2015:13:10:22 +0100] "GET /wbdemo/templates/wb_theme/jquery/jquery-plugins.js HTTP/1.1" 200 1953
::1 - - [13/Dec/2015:13:10:22 +0100] "GET /wbdemo/modules/ckeditor/ckeditor/ckeditor.js?t=b34ea4d HTTP/1.1" 200 631067
::1 - - [13/Dec/2015:13:10:22 +0100] "GET /wbdemo/modules/news/templates/default/css/backend.css HTTP/1.1" 200 881
::1 - - [13/Dec/2015:13:10:22 +0100] "GET /wbdemo/templates/wb_theme/images/logo.png HTTP/1.1" 200 27369
::1 - - [13/Dec/2015:13:10:22 +0100] "GET /wbdemo/templates/wb_theme/images/home.png HTTP/1.1" 200 1183
::1 - - [13/Dec/2015:13:10:22 +0100] "GET /wbdemo/templates/wb_theme/images/help.png HTTP/1.1" 200 1288
::1 - - [13/Dec/2015:13:10:22 +0100] "GET /wbdemo/templates/wb_theme/images/view.png HTTP/1.1" 200 1090
::1 - - [13/Dec/2015:13:10:22 +0100] "GET /wbdemo/templates/wb_theme/images/dl.png HTTP/1.1" 200 815
::1 - - [13/Dec/2015:13:10:22 +0100] "GET /wbdemo/modules/ckeditor/backend.css HTTP/1.1" 200 534
::1 - - [13/Dec/2015:13:10:22 +0100] "GET /wbdemo/templates/wb_theme/images/bgtitle.png HTTP/1.1" 200 256
::1 - - [13/Dec/2015:13:10:22 +0100] "GET /wbdemo/templates/wb_theme/images/menu.png HTTP/1.1" 200 268
::1 - - [13/Dec/2015:13:10:22 +0100] "GET /wbdemo/templates/wb_theme/images/menuo.png HTTP/1.1" 200 281
::1 - - [13/Dec/2015:13:10:22 +0100] "GET /wbdemo/templates/wb_theme/images/modify_16.png HTTP/1.1" 200 367
::1 - - [13/Dec/2015:13:10:22 +0100] "GET /wbdemo/templates/wb_theme/images/noclock_16.png HTTP/1.1" 200 496
::1 - - [13/Dec/2015:13:10:22 +0100] "GET /wbdemo/templates/wb_theme/images/down_16.png HTTP/1.1" 200 365
::1 - - [13/Dec/2015:13:10:22 +0100] "GET /wbdemo/templates/wb_theme/images/delete_16.png HTTP/1.1" 200 638
::1 - - [13/Dec/2015:13:10:22 +0100] "GET /wbdemo/templates/wb_theme/images/up_16.png HTTP/1.1" 200 354
::1 - - [13/Dec/2015:13:10:22 +0100] "GET /wbdemo/modules/ckeditor/wb_config/wb_ckconfig.js?t=b34ea4d HTTP/1.1" 200 16694
::1 - - [13/Dec/2015:13:10:22 +0100] "GET /wbdemo/include/jscalendar/calendar-system.css HTTP/1.1" 200 5760
::1 - - [13/Dec/2015:13:10:22 +0100] "GET /wbdemo/modules/jsadmin/backend.css HTTP/1.1" 200 572
::1 - - [13/Dec/2015:13:10:22 +0100] "GET /wbdemo/modules/ckeditor/ckeditor/skins/moono/editor_gecko.css?t=b34ea4d HTTP/1.1" 200 41555
::1 - - [13/Dec/2015:13:10:22 +0100] "GET /wbdemo/modules/ckeditor/ckeditor/lang/en.js?t=b34ea4d HTTP/1.1" 200 19906
::1 - - [13/Dec/2015:13:10:22 +0100] "GET /wbdemo/modules/ckeditor/wb_config/editor.styles.js?t=b34ea4d HTTP/1.1" 200 3386
::1 - - [13/Dec/2015:13:10:22 +0100] "GET /wbdemo/modules/ckeditor/ckeditor/plugins/wblink/plugin.js?t=b34ea4d HTTP/1.1" 200 24491
::1 - - [13/Dec/2015:13:10:22 +0100] "GET /wbdemo/modules/ckeditor/ckeditor/plugins/wbdroplets/plugin.js?t=b34ea4d HTTP/1.1" 200 2910
::1 - - [13/Dec/2015:13:10:22 +0100] "GET /wbdemo/modules/ckeditor/ckeditor/plugins/backup/plugin.js?t=b34ea4d HTTP/1.1" 200 5857
::1 - - [13/Dec/2015:13:10:22 +0100] "GET /wbdemo/modules/ckeditor/ckeditor/plugins/wbsave/plugin.js?t=b34ea4d HTTP/1.1" 200 2956
::1 - - [13/Dec/2015:13:10:22 +0100] "GET /wbdemo/modules/ckeditor/ckeditor/plugins/wblink/lang/en.js?t=b34ea4d HTTP/1.1" 200 2098
::1 - - [13/Dec/2015:13:10:22 +0100] "GET /wbdemo/modules/ckeditor/ckeditor/plugins/wbdroplets/lang/en.js?t=b34ea4d HTTP/1.1" 200 421
::1 - - [13/Dec/2015:13:10:22 +0100] "GET /wbdemo/modules/ckeditor/ckeditor/plugins/backup/lang/en.js?t=b34ea4d HTTP/1.1" 200 288
::1 - - [13/Dec/2015:13:10:22 +0100] "GET /wbdemo/modules/ckeditor/ckeditor/plugins/wbsave/lang/en.js?t=b34ea4d HTTP/1.1" 200 213
::1 - - [13/Dec/2015:13:10:22 +0100] "GET /wbdemo/modules/ckeditor/ckeditor/plugins/wblink/pages.php HTTP/1.1" 200 1741
::1 - - [13/Dec/2015:13:10:22 +0100] "GET /wbdemo/modules/ckeditor/ckeditor/plugins/wbdroplets/pages.php HTTP/1.1" 200 3630
::1 - - [13/Dec/2015:13:10:22 +0100] "GET /wbdemo/modules/ckeditor/ckeditor/plugins/wbsave/ibox.js HTTP/1.1" 200 17384
::1 - - [13/Dec/2015:13:10:22 +0100] "GET /wbdemo/modules/ckeditor/ckeditor/plugins/oembed/libs/jquery.oembed.min.js?t=b34ea4d HTTP/1.1" 200 39127
::1 - - [13/Dec/2015:13:10:22 +0100] "GET /wbdemo/modules/ckeditor/ckeditor/skins/moono/icons.png HTTP/1.1" 200 22075
::1 - - [13/Dec/2015:13:10:22 +0100] "GET /wbdemo/modules/ckeditor/ckeditor/plugins/wbsave/icons/wbsave.png?t=b34ea4d HTTP/1.1" 200 716
::1 - - [13/Dec/2015:13:10:22 +0100] "GET /wbdemo/modules/ckeditor/ckeditor/plugins/backup/images/icon.png?t=b34ea4d HTTP/1.1" 200 543
::1 - - [13/Dec/2015:13:10:22 +0100] "GET /wbdemo/modules/ckeditor/ckeditor/plugins/wbdroplets/icons/wbdroplets.png?t=b34ea4d HTTP/1.1" 200 323
::1 - - [13/Dec/2015:13:10:22 +0100] "GET /wbdemo/modules/ckeditor/ckeditor/plugins/wblink/icons/wblink.png?t=b34ea4d HTTP/1.1" 200 352
::1 - - [13/Dec/2015:13:10:22 +0100] "GET /wbdemo/modules/ckeditor/ckeditor/plugins/youtube/images/icon.png?t=b34ea4d HTTP/1.1" 200 419
::1 - - [13/Dec/2015:13:10:22 +0100] "GET /wbdemo/modules/ckeditor/wb_config/editor.css HTTP/1.1" 200 1133
::1 - - [13/Dec/2015:13:10:22 +0100] "HEAD /wbdemo/modules/ckeditor/ckeditor/ckeditor.js?t=b34ea4d HTTP/1.1" 200 -
::1 - - [13/Dec/2015:13:10:22 +0100] "HEAD /wbdemo/modules/ckeditor/wb_config/editor.css HTTP/1.1" 200 -
::1 - - [13/Dec/2015:13:10:22 +0100] "GET /wbdemo/modules/ckeditor/ckeditor/plugins/backup/images/clear.png HTTP/1.1" 200 648
::1 - - [13/Dec/2015:13:10:22 +0100] "HEAD /wbdemo/modules/ckeditor/ckeditor/plugins/wbsave/ibox.js HTTP/1.1" 200 -
::1 - - [13/Dec/2015:13:10:22 +0100] "HEAD /wbdemo/modules/ckeditor/ckeditor/skins/moono/editor_gecko.css?t=b34ea4d HTTP/1.1" 200 -
::1 - - [13/Dec/2015:13:10:22 +0100] "HEAD /wbdemo/modules/ckeditor/backend.css HTTP/1.1" 200 -
::1 - - [13/Dec/2015:13:10:22 +0100] "HEAD /wbdemo/modules/ckeditor/ckeditor/plugins/oembed/libs/jquery.oembed.min.js?t=b34ea4d HTTP/1.1" 200 -
::1 - - [13/Dec/2015:13:10:22 +0100] "HEAD /wbdemo/modules/news/templates/default/css/backend.css HTTP/1.1" 200 -
::1 - - [13/Dec/2015:13:10:22 +0100] "HEAD /wbdemo/modules/ckeditor/ckeditor/plugins/wbsave/lang/en.js?t=b34ea4d HTTP/1.1" 200 -
::1 - - [13/Dec/2015:13:10:22 +0100] "HEAD /wbdemo/modules/news/backend.css HTTP/1.1" 200 -
::1 - - [13/Dec/2015:13:10:22 +0100] "HEAD /wbdemo/modules/ckeditor/ckeditor/plugins/backup/lang/en.js?t=b34ea4d HTTP/1.1" 200 -
::1 - - [13/Dec/2015:13:10:22 +0100] "HEAD /wbdemo/modules/ckeditor/ckeditor/plugins/wbdroplets/lang/en.js?t=b34ea4d HTTP/1.1" 200 -
::1 - - [13/Dec/2015:13:10:22 +0100] "HEAD /wbdemo/modules/ckeditor/ckeditor/plugins/wblink/lang/en.js?t=b34ea4d HTTP/1.1" 200 -
::1 - - [13/Dec/2015:13:10:22 +0100] "HEAD /wbdemo/modules/ckeditor/ckeditor/plugins/wbdroplets/pages.php HTTP/1.1" 200 -
::1 - - [13/Dec/2015:13:10:22 +0100] "HEAD /wbdemo/modules/ckeditor/ckeditor/plugins/wblink/pages.php HTTP/1.1" 200 -
::1 - - [13/Dec/2015:13:10:22 +0100] "HEAD /wbdemo/modules/ckeditor/ckeditor/plugins/wbsave/plugin.js?t=b34ea4d HTTP/1.1" 200 -
::1 - - [13/Dec/2015:13:10:22 +0100] "HEAD /wbdemo/modules/ckeditor/ckeditor/plugins/backup/plugin.js?t=b34ea4d HTTP/1.1" 200 -
::1 - - [13/Dec/2015:13:10:22 +0100] "HEAD /wbdemo/modules/ckeditor/ckeditor/plugins/wbdroplets/plugin.js?t=b34ea4d HTTP/1.1" 200 -
::1 - - [13/Dec/2015:13:10:22 +0100] "HEAD /wbdemo/modules/ckeditor/ckeditor/plugins/wblink/plugin.js?t=b34ea4d HTTP/1.1" 200 -
::1 - - [13/Dec/2015:13:10:22 +0100] "HEAD /wbdemo/modules/ckeditor/wb_config/editor.styles.js?t=b34ea4d HTTP/1.1" 200 -
::1 - - [13/Dec/2015:13:10:22 +0100] "HEAD /wbdemo/modules/ckeditor/ckeditor/lang/en.js?t=b34ea4d HTTP/1.1" 200 -
::1 - - [13/Dec/2015:13:10:22 +0100] "HEAD /wbdemo/modules/ckeditor/wb_config/wb_ckconfig.js?t=b34ea4d HTTP/1.1" 200 -
::1 - - [13/Dec/2015:13:10:32 +0100] "GET /wbdemo/admin/pages/index.php HTTP/1.1" 200 34808
::1 - - [13/Dec/2015:13:10:32 +0100] "GET /wbdemo/templates/wb_theme/theme.css HTTP/1.1" 200 10220
::1 - - [13/Dec/2015:13:10:32 +0100] "GET /wbdemo/include/jquery/domReady.js HTTP/1.1" 200 4872
::1 - - [13/Dec/2015:13:10:32 +0100] "GET /wbdemo/include/jquery/LoadOnFly.js HTTP/1.1" 200 8416
::1 - - [13/Dec/2015:13:10:32 +0100] "GET /wbdemo/include/jquery/jquery-min.js HTTP/1.1" 200 93870
::1 - - [13/Dec/2015:13:10:32 +0100] "GET /wbdemo/include/jquery/jquery-include.js HTTP/1.1" 200 4454
::1 - - [13/Dec/2015:13:10:32 +0100] "GET /wbdemo/include/jquery/jquery-insert.js HTTP/1.1" 200 1679
::1 - - [13/Dec/2015:13:10:32 +0100] "GET /wbdemo/admin/pages/eggsurplus.js HTTP/1.1" 200 479
::1 - - [13/Dec/2015:13:10:32 +0100] "GET /wbdemo/admin/pages/page_index.js HTTP/1.1" 200 1407
::1 - - [13/Dec/2015:13:10:32 +0100] "GET /wbdemo/include/yui/yahoo/yahoo-min.js HTTP/1.1" 200 6153
::1 - - [13/Dec/2015:13:10:32 +0100] "GET /wbdemo/include/yui/event/event-min.js HTTP/1.1" 200 14509
::1 - - [13/Dec/2015:13:10:32 +0100] "GET /wbdemo/include/yui/dom/dom-min.js HTTP/1.1" 200 16560
::1 - - [13/Dec/2015:13:10:32 +0100] "GET /wbdemo/include/yui/connection/connection-min.js HTTP/1.1" 200 13053
::1 - - [13/Dec/2015:13:10:32 +0100] "GET /wbdemo/include/yui/dragdrop/dragdrop-min.js HTTP/1.1" 200 23601
::1 - - [13/Dec/2015:13:10:32 +0100] "GET /wbdemo/modules/jsadmin/js/jsadmin.js HTTP/1.1" 200 4321
::1 - - [13/Dec/2015:13:10:32 +0100] "GET /wbdemo/modules/jsadmin/js/dragdrop.js HTTP/1.1" 200 14100
::1 - - [13/Dec/2015:13:10:32 +0100] "GET /wbdemo/templates/wb_theme/jquery/jquery-plugins.js HTTP/1.1" 200 1953
::1 - - [13/Dec/2015:13:10:33 +0100] "GET /wbdemo/templates/wb_theme/images/logo.png HTTP/1.1" 200 27369
::1 - - [13/Dec/2015:13:10:33 +0100] "GET /wbdemo/templates/wb_theme/images/home.png HTTP/1.1" 200 1183
::1 - - [13/Dec/2015:13:10:33 +0100] "GET /wbdemo/templates/wb_theme/images/view.png HTTP/1.1" 200 1090
::1 - - [13/Dec/2015:13:10:33 +0100] "GET /wbdemo/templates/wb_theme/images/help.png HTTP/1.1" 200 1288
::1 - - [13/Dec/2015:13:10:33 +0100] "GET /wbdemo/templates/wb_theme/images/dl.png HTTP/1.1" 200 815
::1 - - [13/Dec/2015:13:10:33 +0100] "GET /wbdemo/templates/wb_theme/images/blank.gif HTTP/1.1" 200 55
::1 - - [13/Dec/2015:13:10:33 +0100] "GET /wbdemo/templates/wb_theme/images/visible_16.png HTTP/1.1" 200 738
::1 - - [13/Dec/2015:13:10:33 +0100] "GET /wbdemo/templates/wb_theme/images/modify_16.png HTTP/1.1" 200 367
::1 - - [13/Dec/2015:13:10:33 +0100] "GET /wbdemo/templates/wb_theme/images/view_16.png HTTP/1.1" 200 483
::1 - - [13/Dec/2015:13:10:33 +0100] "GET /wbdemo/templates/wb_theme/images/noclock_16.png HTTP/1.1" 200 496
::1 - - [13/Dec/2015:13:10:33 +0100] "GET /wbdemo/templates/wb_theme/images/down_16.png HTTP/1.1" 200 365
::1 - - [13/Dec/2015:13:10:33 +0100] "GET /wbdemo/templates/wb_theme/images/delete_16.png HTTP/1.1" 200 638
::1 - - [13/Dec/2015:13:10:33 +0100] "GET /wbdemo/templates/wb_theme/images/siteadd.png HTTP/1.1" 200 600
::1 - - [13/Dec/2015:13:10:33 +0100] "GET /wbdemo/templates/wb_theme/images/plus_16.png HTTP/1.1" 200 371
::1 - - [13/Dec/2015:13:10:33 +0100] "GET /wbdemo/templates/wb_theme/images/up_16.png HTTP/1.1" 200 354
::1 - - [13/Dec/2015:13:10:33 +0100] "GET /wbdemo/templates/wb_theme/images/minus_16.png HTTP/1.1" 200 257
::1 - - [13/Dec/2015:13:10:33 +0100] "GET /wbdemo/templates/wb_theme/images/bgtitle.png HTTP/1.1" 200 256
::1 - - [13/Dec/2015:13:10:33 +0100] "GET /wbdemo/templates/wb_theme/images/menu.png HTTP/1.1" 200 268
::1 - - [13/Dec/2015:13:10:33 +0100] "GET /wbdemo/templates/wb_theme/images/menuo.png HTTP/1.1" 200 281
::1 - - [13/Dec/2015:13:10:33 +0100] "GET /wbdemo/include/jscalendar/calendar-system.css HTTP/1.1" 200 5760
::1 - - [13/Dec/2015:13:10:33 +0100] "GET /wbdemo/modules/jsadmin/backend.css HTTP/1.1" 200 572
::1 - - [13/Dec/2015:13:10:37 +0100] "GET /wbdemo/admin/logout HTTP/1.1" 301 250
::1 - - [13/Dec/2015:13:10:37 +0100] "GET /wbdemo/admin/logout/ HTTP/1.1" 302 -
::1 - - [13/Dec/2015:13:10:37 +0100] "GET /wbdemo/admin/login/index.php HTTP/1.1" 200 4227
::1 - - [13/Dec/2015:13:10:37 +0100] "GET /wbdemo/templates/wb_theme/theme.css HTTP/1.1" 200 10220
::1 - - [13/Dec/2015:13:10:37 +0100] "GET /wbdemo/templates/wb_theme/images/logo.png HTTP/1.1" 200 27369
::1 - - [13/Dec/2015:13:10:37 +0100] "GET /wbdemo/templates/wb_theme/images/bgtitle.png HTTP/1.1" 200 256
